# JRE version: Java(TM) SE Runtime Environment (8.0_92-b14) (build 1.8.0_92-b14)
# Java VM: Java HotSpot(TM) Client VM (25.92-b14 mixed mode windows-x86 )
Heap:
 def new generation   total 39424K, used 28393K [0x05000000, 0x07ac0000, 0x0faa0000)
  eden space 35072K,  74% used [0x05000000, 0x0695cea0, 0x07240000)
  from space 4352K,  55% used [0x07240000, 0x0749d860, 0x07680000)
  to   space 4352K,   0% used [0x07680000, 0x07680000, 0x07ac0000)
 tenured generation   total 87424K, used 71195K [0x0faa0000, 0x15000000, 0x25000000)
   the space 87424K,  81% used [0x0faa0000, 0x14026c38, 0x14026e00, 0x15000000)
 Metaspace       used 20096K, capacity 20564K, committed 20864K, reserved 20864K
GC Heap History (10 events):
Event: 5493.378 GC heap before
{Heap before GC invocations=75 (full 2):
 def new generation   total 39424K, used 38576K [0x05000000, 0x07ac0000, 0x0faa0000)
  eden space 35072K, 100% used [0x05000000, 0x07240000, 0x07240000)
  from space 4352K,  80% used [0x07680000, 0x079ec2e0, 0x07ac0000)
  to   space 4352K,   0% used [0x07240000, 0x07240000, 0x07680000)
 tenured generation   total 87424K, used 67693K [0x0faa0000, 0x15000000, 0x25000000)
   the space 87424K,  77% used [0x0faa0000, 0x13cbb6f0, 0x13cbb800, 0x15000000)
 Metaspace       used 20079K, capacity 20554K, committed 20864K, reserved 20864K
Event: 5493.381 GC heap after
Heap after GC invocations=76 (full 2):
 def new generation   total 39424K, used 1K [0x05000000, 0x07ac0000, 0x0faa0000)
  eden space 35072K,   0% used [0x05000000, 0x05000000, 0x07240000)
  from space 4352K,   0% used [0x07240000, 0x072405c0, 0x07680000)
  to   space 4352K,   0% used [0x07680000, 0x07680000, 0x07ac0000)
 tenured generation   total 87424K, used 71195K [0x0faa0000, 0x15000000, 0x25000000)
   the space 87424K,  81% used [0x0faa0000, 0x14026c38, 0x14026e00, 0x15000000)
 Metaspace       used 20079K, capacity 20554K, committed 20864K, reserved 20864K
}
Event: 5495.804 GC heap before
{Heap before GC invocations=76 (full 2):
 def new generation   total 39424K, used 35073K [0x05000000, 0x07ac0000, 0x0faa0000)
  eden space 35072K, 100% used [0x05000000, 0x07240000, 0x07240000)
  from space 4352K,   0% used [0x07240000, 0x072405c0, 0x07680000)
  to   space 4352K,   0% used [0x07680000, 0x07680000, 0x07ac0000)
 tenured generation   total 87424K, used 71195K [0x0faa0000, 0x15000000, 0x25000000)
   the space 87424K,  81% used [0x0faa0000, 0x14026c38, 0x14026e00, 0x15000000)
 Metaspace       used 20079K, capacity 20554K, committed 20864K, reserved 20864K
Event: 5495.805 GC heap after
Heap after GC invocations=77 (full 2):
 def new generation   total 39424K, used 1K [0x05000000, 0x07ac0000, 0x0faa0000)
  eden space 35072K,   0% used [0x05000000, 0x05000000, 0x07240000)
  from space 4352K,   0% used [0x07680000, 0x076805c8, 0x07ac0000)
  to   space 4352K,   0% used [0x07240000, 0x07240000, 0x07680000)
 tenured generation   total 87424K, used 71195K [0x0faa0000, 0x15000000, 0x25000000)
   the space 87424K,  81% used [0x0faa0000, 0x14026c38, 0x14026e00, 0x15000000)
 Metaspace       used 20079K, capacity 20554K, committed 20864K, reserved 20864K
}
Event: 5498.233 GC heap before
{Heap before GC invocations=77 (full 2):
 def new generation   total 39424K, used 35073K [0x05000000, 0x07ac0000, 0x0faa0000)
  eden space 35072K, 100% used [0x05000000, 0x07240000, 0x07240000)
  from space 4352K,   0% used [0x07680000, 0x076805c8, 0x07ac0000)
  to   space 4352K,   0% used [0x07240000, 0x07240000, 0x07680000)
 tenured generation   total 87424K, used 71195K [0x0faa0000, 0x15000000, 0x25000000)
   the space 87424K,  81% used [0x0faa0000, 0x14026c38, 0x14026e00, 0x15000000)
 Metaspace       used 20079K, capacity 20554K, committed 20864K, reserved 20864K
Event: 5498.234 GC heap after
Heap after GC invocations=78 (full 2):
 def new generation   total 39424K, used 1K [0x05000000, 0x07ac0000, 0x0faa0000)
  eden space 35072K,   0% used [0x05000000, 0x05000000, 0x07240000)
  from space 4352K,   0% used [0x07240000, 0x072405c8, 0x07680000)
  to   space 4352K,   0% used [0x07680000, 0x07680000, 0x07ac0000)
 tenured generation   total 87424K, used 71195K [0x0faa0000, 0x15000000, 0x25000000)
   the space 87424K,  81% used [0x0faa0000, 0x14026c38, 0x14026e00, 0x15000000)
 Metaspace       used 20079K, capacity 20554K, committed 20864K, reserved 20864K
}
Event: 5500.668 GC heap before
{Heap before GC invocations=78 (full 2):
 def new generation   total 39424K, used 35073K [0x05000000, 0x07ac0000, 0x0faa0000)
  eden space 35072K, 100% used [0x05000000, 0x07240000, 0x07240000)
  from space 4352K,   0% used [0x07240000, 0x072405c8, 0x07680000)
  to   space 4352K,   0% used [0x07680000, 0x07680000, 0x07ac0000)
 tenured generation   total 87424K, used 71195K [0x0faa0000, 0x15000000, 0x25000000)
   the space 87424K,  81% used [0x0faa0000, 0x14026c38, 0x14026e00, 0x15000000)
 Metaspace       used 20079K, capacity 20554K, committed 20864K, reserved 20864K
Event: 5500.669 GC heap after
Heap after GC invocations=79 (full 2):
 def new generation   total 39424K, used 2K [0x05000000, 0x07ac0000, 0x0faa0000)
  eden space 35072K,   0% used [0x05000000, 0x05000000, 0x07240000)
  from space 4352K,   0% used [0x07680000, 0x07680818, 0x07ac0000)
  to   space 4352K,   0% used [0x07240000, 0x07240000, 0x07680000)
 tenured generation   total 87424K, used 71195K [0x0faa0000, 0x15000000, 0x25000000)
   the space 87424K,  81% used [0x0faa0000, 0x14026c38, 0x14026e00, 0x15000000)
 Metaspace       used 20079K, capacity 20554K, committed 20864K, reserved 20864K
}
Event: 5519.117 GC heap before
{Heap before GC invocations=79 (full 2):
 def new generation   total 39424K, used 35074K [0x05000000, 0x07ac0000, 0x0faa0000)
  eden space 35072K, 100% used [0x05000000, 0x07240000, 0x07240000)
  from space 4352K,   0% used [0x07680000, 0x07680818, 0x07ac0000)
  to   space 4352K,   0% used [0x07240000, 0x07240000, 0x07680000)
 tenured generation   total 87424K, used 71195K [0x0faa0000, 0x15000000, 0x25000000)
   the space 87424K,  81% used [0x0faa0000, 0x14026c38, 0x14026e00, 0x15000000)
 Metaspace       used 20095K, capacity 20561K, committed 20864K, reserved 20864K
Event: 5519.121 GC heap after
Heap after GC invocations=80 (full 2):
 def new generation   total 39424K, used 2422K [0x05000000, 0x07ac0000, 0x0faa0000)
  eden space 35072K,   0% used [0x05000000, 0x05000000, 0x07240000)
  from space 4352K,  55% used [0x07240000, 0x0749d860, 0x07680000)
  to   space 4352K,   0% used [0x07680000, 0x07680000, 0x07ac0000)
 tenured generation   total 87424K, used 71195K [0x0faa0000, 0x15000000, 0x25000000)
   the space 87424K,  81% used [0x0faa0000, 0x14026c38, 0x14026e00, 0x15000000)
 Metaspace       used 20095K, capacity 20561K, committed 20864K, reserved 20864K
}

