# JRE version: Java(TM) SE Runtime Environment (8.0_92-b14) (build 1.8.0_92-b14)
# Java VM: Java HotSpot(TM) Client VM (25.92-b14 mixed mode windows-x86 )
Heap:
 def new generation   total 39424K, used 10501K [0x04a00000, 0x074c0000, 0x0f4a0000)
  eden space 35072K,  17% used [0x04a00000, 0x05003130, 0x06c40000)
  from space 4352K,  99% used [0x06c40000, 0x0707e660, 0x07080000)
  to   space 4352K,   0% used [0x07080000, 0x07080000, 0x074c0000)
 tenured generation   total 87424K, used 49436K [0x0f4a0000, 0x14a00000, 0x24a00000)
   the space 87424K,  56% used [0x0f4a0000, 0x124e7360, 0x124e7400, 0x14a00000)
 Metaspace       used 19690K, capacity 20226K, committed 20352K, reserved 20864K
GC Heap History (10 events):
Event: 3.475 GC heap before
{Heap before GC invocations=4 (full 1):
 def new generation   total 39424K, used 36978K [0x04a00000, 0x074c0000, 0x0f4a0000)
  eden space 35072K, 100% used [0x04a00000, 0x06c40000, 0x06c40000)
  from space 4352K,  43% used [0x07080000, 0x0725ca00, 0x074c0000)
  to   space 4352K,   0% used [0x06c40000, 0x06c40000, 0x07080000)
 tenured generation   total 87424K, used 13790K [0x0f4a0000, 0x14a00000, 0x24a00000)
   the space 87424K,  15% used [0x0f4a0000, 0x10217880, 0x10217a00, 0x14a00000)
 Metaspace       used 16937K, capacity 17347K, committed 17536K, reserved 17792K
Event: 3.485 GC heap after
Heap after GC invocations=5 (full 1):
 def new generation   total 39424K, used 4352K [0x04a00000, 0x074c0000, 0x0f4a0000)
  eden space 35072K,   0% used [0x04a00000, 0x04a00000, 0x06c40000)
  from space 4352K, 100% used [0x06c40000, 0x07080000, 0x07080000)
  to   space 4352K,   0% used [0x07080000, 0x07080000, 0x074c0000)
 tenured generation   total 87424K, used 17184K [0x0f4a0000, 0x14a00000, 0x24a00000)
   the space 87424K,  19% used [0x0f4a0000, 0x10568268, 0x10568400, 0x14a00000)
 Metaspace       used 16937K, capacity 17347K, committed 17536K, reserved 17792K
}
Event: 16.465 GC heap before
{Heap before GC invocations=5 (full 1):
 def new generation   total 39424K, used 39412K [0x04a00000, 0x074c0000, 0x0f4a0000)
  eden space 35072K,  99% used [0x04a00000, 0x06c3d2b0, 0x06c40000)
  from space 4352K, 100% used [0x06c40000, 0x07080000, 0x07080000)
  to   space 4352K,   0% used [0x07080000, 0x07080000, 0x074c0000)
 tenured generation   total 87424K, used 17184K [0x0f4a0000, 0x14a00000, 0x24a00000)
   the space 87424K,  19% used [0x0f4a0000, 0x10568268, 0x10568400, 0x14a00000)
 Metaspace       used 17696K, capacity 18153K, committed 18304K, reserved 18816K
Event: 16.485 GC heap after
Heap after GC invocations=6 (full 1):
 def new generation   total 39424K, used 4352K [0x04a00000, 0x074c0000, 0x0f4a0000)
  eden space 35072K,   0% used [0x04a00000, 0x04a00000, 0x06c40000)
  from space 4352K, 100% used [0x07080000, 0x074c0000, 0x074c0000)
  to   space 4352K,   0% used [0x06c40000, 0x06c40000, 0x07080000)
 tenured generation   total 87424K, used 41583K [0x0f4a0000, 0x14a00000, 0x24a00000)
   the space 87424K,  47% used [0x0f4a0000, 0x11d3bcf0, 0x11d3be00, 0x14a00000)
 Metaspace       used 17696K, capacity 18153K, committed 18304K, reserved 18816K
}
Event: 64.831 GC heap before
{Heap before GC invocations=6 (full 1):
 def new generation   total 39424K, used 39424K [0x04a00000, 0x074c0000, 0x0f4a0000)
  eden space 35072K, 100% used [0x04a00000, 0x06c40000, 0x06c40000)
  from space 4352K, 100% used [0x07080000, 0x074c0000, 0x074c0000)
  to   space 4352K,   0% used [0x06c40000, 0x06c40000, 0x07080000)
 tenured generation   total 87424K, used 41583K [0x0f4a0000, 0x14a00000, 0x24a00000)
   the space 87424K,  47% used [0x0f4a0000, 0x11d3bcf0, 0x11d3be00, 0x14a00000)
 Metaspace       used 19531K, capacity 20061K, committed 20096K, reserved 20864K
Event: 64.842 GC heap after
Heap after GC invocations=7 (full 1):
 def new generation   total 39424K, used 4352K [0x04a00000, 0x074c0000, 0x0f4a0000)
  eden space 35072K,   0% used [0x04a00000, 0x04a00000, 0x06c40000)
  from space 4352K, 100% used [0x06c40000, 0x07080000, 0x07080000)
  to   space 4352K,   0% used [0x07080000, 0x07080000, 0x074c0000)
 tenured generation   total 87424K, used 45459K [0x0f4a0000, 0x14a00000, 0x24a00000)
   the space 87424K,  51% used [0x0f4a0000, 0x12104d48, 0x12104e00, 0x14a00000)
 Metaspace       used 19531K, capacity 20061K, committed 20096K, reserved 20864K
}
Event: 350.214 GC heap before
{Heap before GC invocations=7 (full 1):
 def new generation   total 39424K, used 39424K [0x04a00000, 0x074c0000, 0x0f4a0000)
  eden space 35072K, 100% used [0x04a00000, 0x06c40000, 0x06c40000)
  from space 4352K, 100% used [0x06c40000, 0x07080000, 0x07080000)
  to   space 4352K,   0% used [0x07080000, 0x07080000, 0x074c0000)
 tenured generation   total 87424K, used 45459K [0x0f4a0000, 0x14a00000, 0x24a00000)
   the space 87424K,  51% used [0x0f4a0000, 0x12104d48, 0x12104e00, 0x14a00000)
 Metaspace       used 19643K, capacity 20127K, committed 20224K, reserved 20864K
Event: 350.224 GC heap after
Heap after GC invocations=8 (full 1):
 def new generation   total 39424K, used 2156K [0x04a00000, 0x074c0000, 0x0f4a0000)
  eden space 35072K,   0% used [0x04a00000, 0x04a00000, 0x06c40000)
  from space 4352K,  49% used [0x07080000, 0x0729b158, 0x074c0000)
  to   space 4352K,   0% used [0x06c40000, 0x06c40000, 0x07080000)
 tenured generation   total 87424K, used 48368K [0x0f4a0000, 0x14a00000, 0x24a00000)
   the space 87424K,  55% used [0x0f4a0000, 0x123dc398, 0x123dc400, 0x14a00000)
 Metaspace       used 19643K, capacity 20127K, committed 20224K, reserved 20864K
}
Event: 432.637 GC heap before
{Heap before GC invocations=8 (full 1):
 def new generation   total 39424K, used 37228K [0x04a00000, 0x074c0000, 0x0f4a0000)
  eden space 35072K, 100% used [0x04a00000, 0x06c40000, 0x06c40000)
  from space 4352K,  49% used [0x07080000, 0x0729b1c0, 0x074c0000)
  to   space 4352K,   0% used [0x06c40000, 0x06c40000, 0x07080000)
 tenured generation   total 87424K, used 48368K [0x0f4a0000, 0x14a00000, 0x24a00000)
   the space 87424K,  55% used [0x0f4a0000, 0x123dc398, 0x123dc400, 0x14a00000)
 Metaspace       used 19690K, capacity 20226K, committed 20352K, reserved 20864K
Event: 432.661 GC heap after
Heap after GC invocations=9 (full 1):
 def new generation   total 39424K, used 4345K [0x04a00000, 0x074c0000, 0x0f4a0000)
  eden space 35072K,   0% used [0x04a00000, 0x04a00000, 0x06c40000)
  from space 4352K,  99% used [0x06c40000, 0x0707e660, 0x07080000)
  to   space 4352K,   0% used [0x07080000, 0x07080000, 0x074c0000)
 tenured generation   total 87424K, used 49436K [0x0f4a0000, 0x14a00000, 0x24a00000)
   the space 87424K,  56% used [0x0f4a0000, 0x124e7360, 0x124e7400, 0x14a00000)
 Metaspace       used 19690K, capacity 20226K, committed 20352K, reserved 20864K
}

