# JRE version: Java(TM) SE Runtime Environment (8.0_92-b14) (build 1.8.0_92-b14)
# Java VM: Java HotSpot(TM) Client VM (25.92-b14 mixed mode windows-x86 )
Heap:
 def new generation   total 39424K, used 8847K [0x04400000, 0x06ec0000, 0x0eea0000)
  eden space 35072K,  25% used [0x04400000, 0x04ca3ef0, 0x06640000)
  from space 4352K,   0% used [0x06a80000, 0x06a80000, 0x06ec0000)
  to   space 4352K,   0% used [0x06640000, 0x06640000, 0x06a80000)
 tenured generation   total 87424K, used 48612K [0x0eea0000, 0x14400000, 0x24400000)
   the space 87424K,  55% used [0x0eea0000, 0x11e19148, 0x11e19200, 0x14400000)
 Metaspace       used 20125K, capacity 20601K, committed 20864K, reserved 20864K
GC Heap History (10 events):
Event: 1815.276 GC heap before
{Heap before GC invocations=12 (full 1):
 def new generation   total 39424K, used 36722K [0x04400000, 0x06ec0000, 0x0eea0000)
  eden space 35072K, 100% used [0x04400000, 0x06640000, 0x06640000)
  from space 4352K,  37% used [0x06a80000, 0x06c1c9f8, 0x06ec0000)
  to   space 4352K,   0% used [0x06640000, 0x06640000, 0x06a80000)
 tenured generation   total 87424K, used 62399K [0x0eea0000, 0x14400000, 0x24400000)
   the space 87424K,  71% used [0x0eea0000, 0x12b8fff8, 0x12b90000, 0x14400000)
 Metaspace       used 19865K, capacity 20361K, committed 20480K, reserved 20864K
Event: 1815.293 GC heap after
Heap after GC invocations=13 (full 1):
 def new generation   total 39424K, used 1488K [0x04400000, 0x06ec0000, 0x0eea0000)
  eden space 35072K,   0% used [0x04400000, 0x04400000, 0x06640000)
  from space 4352K,  34% used [0x06640000, 0x067b4300, 0x06a80000)
  to   space 4352K,   0% used [0x06a80000, 0x06a80000, 0x06ec0000)
 tenured generation   total 87424K, used 81413K [0x0eea0000, 0x14400000, 0x24400000)
   the space 87424K,  93% used [0x0eea0000, 0x13e21448, 0x13e21600, 0x14400000)
 Metaspace       used 19865K, capacity 20361K, committed 20480K, reserved 20864K
}
Event: 1866.965 GC heap before
{Heap before GC invocations=13 (full 1):
 def new generation   total 39424K, used 17050K [0x04400000, 0x06ec0000, 0x0eea0000)
  eden space 35072K,  44% used [0x04400000, 0x05332898, 0x06640000)
  from space 4352K,  34% used [0x06640000, 0x067b4300, 0x06a80000)
  to   space 4352K,   0% used [0x06a80000, 0x06a80000, 0x06ec0000)
 tenured generation   total 87424K, used 81413K [0x0eea0000, 0x14400000, 0x24400000)
   the space 87424K,  93% used [0x0eea0000, 0x13e21448, 0x13e21600, 0x14400000)
 Metaspace       used 19904K, capacity 20435K, committed 20608K, reserved 20864K
Event: 1866.968 GC heap after
Heap after GC invocations=14 (full 1):
 def new generation   total 39424K, used 1585K [0x04400000, 0x06ec0000, 0x0eea0000)
  eden space 35072K,   0% used [0x04400000, 0x04400000, 0x06640000)
  from space 4352K,  36% used [0x06a80000, 0x06c0c5a8, 0x06ec0000)
  to   space 4352K,   0% used [0x06640000, 0x06640000, 0x06a80000)
 tenured generation   total 87424K, used 81413K [0x0eea0000, 0x14400000, 0x24400000)
   the space 87424K,  93% used [0x0eea0000, 0x13e21448, 0x13e21600, 0x14400000)
 Metaspace       used 19904K, capacity 20435K, committed 20608K, reserved 20864K
}
Event: 1926.870 GC heap before
{Heap before GC invocations=14 (full 1):
 def new generation   total 39424K, used 36657K [0x04400000, 0x06ec0000, 0x0eea0000)
  eden space 35072K, 100% used [0x04400000, 0x06640000, 0x06640000)
  from space 4352K,  36% used [0x06a80000, 0x06c0c5a8, 0x06ec0000)
  to   space 4352K,   0% used [0x06640000, 0x06640000, 0x06a80000)
 tenured generation   total 87424K, used 81413K [0x0eea0000, 0x14400000, 0x24400000)
   the space 87424K,  93% used [0x0eea0000, 0x13e21448, 0x13e21600, 0x14400000)
 Metaspace       used 20008K, capacity 20524K, committed 20608K, reserved 20864K
Event: 1926.879 GC heap after
Heap after GC invocations=15 (full 1):
 def new generation   total 39424K, used 4352K [0x04400000, 0x06ec0000, 0x0eea0000)
  eden space 35072K,   0% used [0x04400000, 0x04400000, 0x06640000)
  from space 4352K, 100% used [0x06640000, 0x06a80000, 0x06a80000)
  to   space 4352K,   0% used [0x06a80000, 0x06a80000, 0x06ec0000)
 tenured generation   total 87424K, used 84881K [0x0eea0000, 0x14400000, 0x24400000)
   the space 87424K,  97% used [0x0eea0000, 0x14184438, 0x14184600, 0x14400000)
 Metaspace       used 20008K, capacity 20524K, committed 20608K, reserved 20864K
}
Event: 1950.872 GC heap before
{Heap before GC invocations=15 (full 1):
 def new generation   total 39424K, used 39424K [0x04400000, 0x06ec0000, 0x0eea0000)
  eden space 35072K, 100% used [0x04400000, 0x06640000, 0x06640000)
  from space 4352K, 100% used [0x06640000, 0x06a80000, 0x06a80000)
  to   space 4352K,   0% used [0x06a80000, 0x06a80000, 0x06ec0000)
 tenured generation   total 87424K, used 84881K [0x0eea0000, 0x14400000, 0x24400000)
   the space 87424K,  97% used [0x0eea0000, 0x14184438, 0x14184600, 0x14400000)
 Metaspace       used 20031K, capacity 20524K, committed 20608K, reserved 20864K
Event: 1950.879 GC heap after
Heap after GC invocations=16 (full 1):
 def new generation   total 39424K, used 2653K [0x04400000, 0x06ec0000, 0x0eea0000)
  eden space 35072K,   0% used [0x04400000, 0x04400000, 0x06640000)
  from space 4352K,  60% used [0x06a80000, 0x06d17430, 0x06ec0000)
  to   space 4352K,   0% used [0x06640000, 0x06640000, 0x06a80000)
 tenured generation   total 87424K, used 86925K [0x0eea0000, 0x14400000, 0x24400000)
   the space 87424K,  99% used [0x0eea0000, 0x14383508, 0x14383600, 0x14400000)
 Metaspace       used 20031K, capacity 20524K, committed 20608K, reserved 20864K
}
Event: 1953.310 GC heap before
{Heap before GC invocations=16 (full 1):
 def new generation   total 39424K, used 3377K [0x04400000, 0x06ec0000, 0x0eea0000)
  eden space 35072K,   2% used [0x04400000, 0x044b51b0, 0x06640000)
  from space 4352K,  60% used [0x06a80000, 0x06d17430, 0x06ec0000)
  to   space 4352K,   0% used [0x06640000, 0x06640000, 0x06a80000)
 tenured generation   total 87424K, used 86925K [0x0eea0000, 0x14400000, 0x24400000)
   the space 87424K,  99% used [0x0eea0000, 0x14383508, 0x14383600, 0x14400000)
 Metaspace       used 20189K, capacity 20684K, committed 20736K, reserved 20864K
Event: 1953.358 GC heap after
Heap after GC invocations=17 (full 2):
 def new generation   total 39424K, used 0K [0x04400000, 0x06ec0000, 0x0eea0000)
  eden space 35072K,   0% used [0x04400000, 0x04400000, 0x06640000)
  from space 4352K,   0% used [0x06a80000, 0x06a80000, 0x06ec0000)
  to   space 4352K,   0% used [0x06640000, 0x06640000, 0x06a80000)
 tenured generation   total 87424K, used 48612K [0x0eea0000, 0x14400000, 0x24400000)
   the space 87424K,  55% used [0x0eea0000, 0x11e19148, 0x11e19200, 0x14400000)
 Metaspace       used 20024K, capacity 20471K, committed 20736K, reserved 20864K
}

