# JRE version: Java(TM) SE Runtime Environment (8.0_92-b14) (build 1.8.0_92-b14)
# Java VM: Java HotSpot(TM) Client VM (25.92-b14 mixed mode windows-x86 )
Heap:
 def new generation   total 39424K, used 22274K [0x04800000, 0x072c0000, 0x0f2a0000)
  eden space 35072K,  51% used [0x04800000, 0x059809e8, 0x06a40000)
  from space 4352K, 100% used [0x06e80000, 0x072c0000, 0x072c0000)
  to   space 4352K,   0% used [0x06a40000, 0x06a40000, 0x06e80000)
 tenured generation   total 87424K, used 41888K [0x0f2a0000, 0x14800000, 0x24800000)
   the space 87424K,  47% used [0x0f2a0000, 0x11b88018, 0x11b88200, 0x14800000)
 Metaspace       used 17788K, capacity 18249K, committed 18304K, reserved 18816K
GC Heap History (10 events):
Event: 1.081 GC heap before
{Heap before GC invocations=1 (full 0):
 def new generation   total 39296K, used 39296K [0x04800000, 0x072a0000, 0x0f2a0000)
  eden space 34944K, 100% used [0x04800000, 0x06a20000, 0x06a20000)
  from space 4352K, 100% used [0x06e60000, 0x072a0000, 0x072a0000)
  to   space 4352K,   0% used [0x06a20000, 0x06a20000, 0x06e60000)
 tenured generation   total 87424K, used 2825K [0x0f2a0000, 0x14800000, 0x24800000)
   the space 87424K,   3% used [0x0f2a0000, 0x0f562748, 0x0f562800, 0x14800000)
 Metaspace       used 11370K, capacity 11727K, committed 11776K, reserved 12672K
Event: 1.102 GC heap after
Heap after GC invocations=2 (full 0):
 def new generation   total 39296K, used 4352K [0x04800000, 0x072a0000, 0x0f2a0000)
  eden space 34944K,   0% used [0x04800000, 0x04800000, 0x06a20000)
  from space 4352K, 100% used [0x06a20000, 0x06e60000, 0x06e60000)
  to   space 4352K,   0% used [0x06e60000, 0x06e60000, 0x072a0000)
 tenured generation   total 87424K, used 8611K [0x0f2a0000, 0x14800000, 0x24800000)
   the space 87424K,   9% used [0x0f2a0000, 0x0fb08d88, 0x0fb08e00, 0x14800000)
 Metaspace       used 11370K, capacity 11727K, committed 11776K, reserved 12672K
}
Event: 1.403 GC heap before
{Heap before GC invocations=2 (full 0):
 def new generation   total 39296K, used 17849K [0x04800000, 0x072a0000, 0x0f2a0000)
  eden space 34944K,  38% used [0x04800000, 0x0552e6f8, 0x06a20000)
  from space 4352K, 100% used [0x06a20000, 0x06e60000, 0x06e60000)
  to   space 4352K,   0% used [0x06e60000, 0x06e60000, 0x072a0000)
 tenured generation   total 87424K, used 8611K [0x0f2a0000, 0x14800000, 0x24800000)
   the space 87424K,   9% used [0x0f2a0000, 0x0fb08d88, 0x0fb08e00, 0x14800000)
 Metaspace       used 11885K, capacity 12252K, committed 12288K, reserved 12672K
Event: 1.424 GC heap after
Heap after GC invocations=3 (full 1):
 def new generation   total 39424K, used 0K [0x04800000, 0x072c0000, 0x0f2a0000)
  eden space 35072K,   0% used [0x04800000, 0x04800000, 0x06a40000)
  from space 4352K,   0% used [0x06a40000, 0x06a40000, 0x06e80000)
  to   space 4352K,   0% used [0x06e80000, 0x06e80000, 0x072c0000)
 tenured generation   total 87424K, used 13982K [0x0f2a0000, 0x14800000, 0x24800000)
   the space 87424K,  15% used [0x0f2a0000, 0x10047a68, 0x10047c00, 0x14800000)
 Metaspace       used 11885K, capacity 12252K, committed 12288K, reserved 12672K
}
Event: 2.893 GC heap before
{Heap before GC invocations=3 (full 1):
 def new generation   total 39424K, used 35072K [0x04800000, 0x072c0000, 0x0f2a0000)
  eden space 35072K, 100% used [0x04800000, 0x06a40000, 0x06a40000)
  from space 4352K,   0% used [0x06a40000, 0x06a40000, 0x06e80000)
  to   space 4352K,   0% used [0x06e80000, 0x06e80000, 0x072c0000)
 tenured generation   total 87424K, used 13982K [0x0f2a0000, 0x14800000, 0x24800000)
   the space 87424K,  15% used [0x0f2a0000, 0x10047a68, 0x10047c00, 0x14800000)
 Metaspace       used 12093K, capacity 12486K, committed 12544K, reserved 12672K
Event: 2.897 GC heap after
Heap after GC invocations=4 (full 1):
 def new generation   total 39424K, used 2051K [0x04800000, 0x072c0000, 0x0f2a0000)
  eden space 35072K,   0% used [0x04800000, 0x04800000, 0x06a40000)
  from space 4352K,  47% used [0x06e80000, 0x07080f28, 0x072c0000)
  to   space 4352K,   0% used [0x06a40000, 0x06a40000, 0x06e80000)
 tenured generation   total 87424K, used 13982K [0x0f2a0000, 0x14800000, 0x24800000)
   the space 87424K,  15% used [0x0f2a0000, 0x10047a68, 0x10047c00, 0x14800000)
 Metaspace       used 12093K, capacity 12486K, committed 12544K, reserved 12672K
}
Event: 3.458 GC heap before
{Heap before GC invocations=4 (full 1):
 def new generation   total 39424K, used 37077K [0x04800000, 0x072c0000, 0x0f2a0000)
  eden space 35072K,  99% used [0x04800000, 0x06a34650, 0x06a40000)
  from space 4352K,  47% used [0x06e80000, 0x07080f28, 0x072c0000)
  to   space 4352K,   0% used [0x06a40000, 0x06a40000, 0x06e80000)
 tenured generation   total 87424K, used 13982K [0x0f2a0000, 0x14800000, 0x24800000)
   the space 87424K,  15% used [0x0f2a0000, 0x10047a68, 0x10047c00, 0x14800000)
 Metaspace       used 16955K, capacity 17396K, committed 17536K, reserved 17792K
Event: 3.469 GC heap after
Heap after GC invocations=5 (full 1):
 def new generation   total 39424K, used 4352K [0x04800000, 0x072c0000, 0x0f2a0000)
  eden space 35072K,   0% used [0x04800000, 0x04800000, 0x06a40000)
  from space 4352K, 100% used [0x06a40000, 0x06e80000, 0x06e80000)
  to   space 4352K,   0% used [0x06e80000, 0x06e80000, 0x072c0000)
 tenured generation   total 87424K, used 17543K [0x0f2a0000, 0x14800000, 0x24800000)
   the space 87424K,  20% used [0x0f2a0000, 0x103c1ea8, 0x103c2000, 0x14800000)
 Metaspace       used 16955K, capacity 17396K, committed 17536K, reserved 17792K
}
Event: 11.307 GC heap before
{Heap before GC invocations=5 (full 1):
 def new generation   total 39424K, used 39424K [0x04800000, 0x072c0000, 0x0f2a0000)
  eden space 35072K, 100% used [0x04800000, 0x06a40000, 0x06a40000)
  from space 4352K, 100% used [0x06a40000, 0x06e80000, 0x06e80000)
  to   space 4352K,   0% used [0x06e80000, 0x06e80000, 0x072c0000)
 tenured generation   total 87424K, used 17543K [0x0f2a0000, 0x14800000, 0x24800000)
   the space 87424K,  20% used [0x0f2a0000, 0x103c1ea8, 0x103c2000, 0x14800000)
 Metaspace       used 17696K, capacity 18153K, committed 18304K, reserved 18816K
Event: 11.326 GC heap after
Heap after GC invocations=6 (full 1):
 def new generation   total 39424K, used 4352K [0x04800000, 0x072c0000, 0x0f2a0000)
  eden space 35072K,   0% used [0x04800000, 0x04800000, 0x06a40000)
  from space 4352K, 100% used [0x06e80000, 0x072c0000, 0x072c0000)
  to   space 4352K,   0% used [0x06a40000, 0x06a40000, 0x06e80000)
 tenured generation   total 87424K, used 41888K [0x0f2a0000, 0x14800000, 0x24800000)
   the space 87424K,  47% used [0x0f2a0000, 0x11b88018, 0x11b88200, 0x14800000)
 Metaspace       used 17696K, capacity 18153K, committed 18304K, reserved 18816K
}

