# JRE version: Java(TM) SE Runtime Environment (8.0_92-b14) (build 1.8.0_92-b14)
# Java VM: Java HotSpot(TM) Client VM (25.92-b14 mixed mode windows-x86 )
Heap:
 def new generation   total 39424K, used 17900K [0x04800000, 0x072c0000, 0x0f2a0000)
  eden space 35072K,  38% used [0x04800000, 0x0553b308, 0x06a40000)
  from space 4352K, 100% used [0x06e80000, 0x072c0000, 0x072c0000)
  to   space 4352K,   0% used [0x06a40000, 0x06a40000, 0x06e80000)
 tenured generation   total 87424K, used 41892K [0x0f2a0000, 0x14800000, 0x24800000)
   the space 87424K,  47% used [0x0f2a0000, 0x11b89170, 0x11b89200, 0x14800000)
 Metaspace       used 17776K, capacity 18249K, committed 18304K, reserved 18816K
GC Heap History (10 events):
Event: 1.046 GC heap before
{Heap before GC invocations=1 (full 0):
 def new generation   total 39296K, used 39296K [0x04800000, 0x072a0000, 0x0f2a0000)
  eden space 34944K, 100% used [0x04800000, 0x06a20000, 0x06a20000)
  from space 4352K, 100% used [0x06e60000, 0x072a0000, 0x072a0000)
  to   space 4352K,   0% used [0x06a20000, 0x06a20000, 0x06e60000)
 tenured generation   total 87424K, used 2825K [0x0f2a0000, 0x14800000, 0x24800000)
   the space 87424K,   3% used [0x0f2a0000, 0x0f562700, 0x0f562800, 0x14800000)
 Metaspace       used 11377K, capacity 11727K, committed 11776K, reserved 12672K
Event: 1.062 GC heap after
Heap after GC invocations=2 (full 0):
 def new generation   total 39296K, used 4352K [0x04800000, 0x072a0000, 0x0f2a0000)
  eden space 34944K,   0% used [0x04800000, 0x04800000, 0x06a20000)
  from space 4352K, 100% used [0x06a20000, 0x06e60000, 0x06e60000)
  to   space 4352K,   0% used [0x06e60000, 0x06e60000, 0x072a0000)
 tenured generation   total 87424K, used 8615K [0x0f2a0000, 0x14800000, 0x24800000)
   the space 87424K,   9% used [0x0f2a0000, 0x0fb09e20, 0x0fb0a000, 0x14800000)
 Metaspace       used 11377K, capacity 11727K, committed 11776K, reserved 12672K
}
Event: 1.355 GC heap before
{Heap before GC invocations=2 (full 0):
 def new generation   total 39296K, used 17918K [0x04800000, 0x072a0000, 0x0f2a0000)
  eden space 34944K,  38% used [0x04800000, 0x0553f860, 0x06a20000)
  from space 4352K, 100% used [0x06a20000, 0x06e60000, 0x06e60000)
  to   space 4352K,   0% used [0x06e60000, 0x06e60000, 0x072a0000)
 tenured generation   total 87424K, used 8615K [0x0f2a0000, 0x14800000, 0x24800000)
   the space 87424K,   9% used [0x0f2a0000, 0x0fb09e20, 0x0fb0a000, 0x14800000)
 Metaspace       used 11885K, capacity 12252K, committed 12288K, reserved 12672K
Event: 1.378 GC heap after
Heap after GC invocations=3 (full 1):
 def new generation   total 39424K, used 0K [0x04800000, 0x072c0000, 0x0f2a0000)
  eden space 35072K,   0% used [0x04800000, 0x04800000, 0x06a40000)
  from space 4352K,   0% used [0x06a40000, 0x06a40000, 0x06e80000)
  to   space 4352K,   0% used [0x06e80000, 0x06e80000, 0x072c0000)
 tenured generation   total 87424K, used 13970K [0x0f2a0000, 0x14800000, 0x24800000)
   the space 87424K,  15% used [0x0f2a0000, 0x10044830, 0x10044a00, 0x14800000)
 Metaspace       used 11885K, capacity 12252K, committed 12288K, reserved 12672K
}
Event: 2.842 GC heap before
{Heap before GC invocations=3 (full 1):
 def new generation   total 39424K, used 35072K [0x04800000, 0x072c0000, 0x0f2a0000)
  eden space 35072K, 100% used [0x04800000, 0x06a40000, 0x06a40000)
  from space 4352K,   0% used [0x06a40000, 0x06a40000, 0x06e80000)
  to   space 4352K,   0% used [0x06e80000, 0x06e80000, 0x072c0000)
 tenured generation   total 87424K, used 13970K [0x0f2a0000, 0x14800000, 0x24800000)
   the space 87424K,  15% used [0x0f2a0000, 0x10044830, 0x10044a00, 0x14800000)
 Metaspace       used 12103K, capacity 12486K, committed 12544K, reserved 12672K
Event: 2.846 GC heap after
Heap after GC invocations=4 (full 1):
 def new generation   total 39424K, used 2033K [0x04800000, 0x072c0000, 0x0f2a0000)
  eden space 35072K,   0% used [0x04800000, 0x04800000, 0x06a40000)
  from space 4352K,  46% used [0x06e80000, 0x0707c728, 0x072c0000)
  to   space 4352K,   0% used [0x06a40000, 0x06a40000, 0x06e80000)
 tenured generation   total 87424K, used 13970K [0x0f2a0000, 0x14800000, 0x24800000)
   the space 87424K,  15% used [0x0f2a0000, 0x10044830, 0x10044a00, 0x14800000)
 Metaspace       used 12103K, capacity 12486K, committed 12544K, reserved 12672K
}
Event: 3.404 GC heap before
{Heap before GC invocations=4 (full 1):
 def new generation   total 39424K, used 37105K [0x04800000, 0x072c0000, 0x0f2a0000)
  eden space 35072K, 100% used [0x04800000, 0x06a40000, 0x06a40000)
  from space 4352K,  46% used [0x06e80000, 0x0707c728, 0x072c0000)
  to   space 4352K,   0% used [0x06a40000, 0x06a40000, 0x06e80000)
 tenured generation   total 87424K, used 13970K [0x0f2a0000, 0x14800000, 0x24800000)
   the space 87424K,  15% used [0x0f2a0000, 0x10044830, 0x10044a00, 0x14800000)
 Metaspace       used 16948K, capacity 17411K, committed 17536K, reserved 17792K
Event: 3.415 GC heap after
Heap after GC invocations=5 (full 1):
 def new generation   total 39424K, used 4352K [0x04800000, 0x072c0000, 0x0f2a0000)
  eden space 35072K,   0% used [0x04800000, 0x04800000, 0x06a40000)
  from space 4352K, 100% used [0x06a40000, 0x06e80000, 0x06e80000)
  to   space 4352K,   0% used [0x06e80000, 0x06e80000, 0x072c0000)
 tenured generation   total 87424K, used 17495K [0x0f2a0000, 0x14800000, 0x24800000)
   the space 87424K,  20% used [0x0f2a0000, 0x103b5fa0, 0x103b6000, 0x14800000)
 Metaspace       used 16948K, capacity 17411K, committed 17536K, reserved 17792K
}
Event: 11.070 GC heap before
{Heap before GC invocations=5 (full 1):
 def new generation   total 39424K, used 39424K [0x04800000, 0x072c0000, 0x0f2a0000)
  eden space 35072K, 100% used [0x04800000, 0x06a40000, 0x06a40000)
  from space 4352K, 100% used [0x06a40000, 0x06e80000, 0x06e80000)
  to   space 4352K,   0% used [0x06e80000, 0x06e80000, 0x072c0000)
 tenured generation   total 87424K, used 17495K [0x0f2a0000, 0x14800000, 0x24800000)
   the space 87424K,  20% used [0x0f2a0000, 0x103b5fa0, 0x103b6000, 0x14800000)
 Metaspace       used 17706K, capacity 18185K, committed 18304K, reserved 18816K
Event: 11.089 GC heap after
Heap after GC invocations=6 (full 1):
 def new generation   total 39424K, used 4352K [0x04800000, 0x072c0000, 0x0f2a0000)
  eden space 35072K,   0% used [0x04800000, 0x04800000, 0x06a40000)
  from space 4352K, 100% used [0x06e80000, 0x072c0000, 0x072c0000)
  to   space 4352K,   0% used [0x06a40000, 0x06a40000, 0x06e80000)
 tenured generation   total 87424K, used 41892K [0x0f2a0000, 0x14800000, 0x24800000)
   the space 87424K,  47% used [0x0f2a0000, 0x11b89170, 0x11b89200, 0x14800000)
 Metaspace       used 17706K, capacity 18185K, committed 18304K, reserved 18816K
}

